mode: atomic
github.com/danielMensah/onetable-go/example/main.go:17.13,21.16 3 0
github.com/danielMensah/onetable-go/example/main.go:21.16,22.13 1 0
github.com/danielMensah/onetable-go/example/main.go:25.2,29.18 4 0
github.com/danielMensah/onetable-go/example/main.go:32.60,35.2 2 0
github.com/danielMensah/onetable-go/example/main.go:37.57,42.2 3 0
github.com/danielMensah/onetable-go/example/main.go:44.58,49.2 3 0
github.com/danielMensah/onetable-go/pkg/onetable/mocks/mock_DynamodbAPI.go:21.55,23.2 1 0
github.com/danielMensah/onetable-go/pkg/onetable/mocks/mock_DynamodbAPI.go:26.161,28.25 2 0
github.com/danielMensah/onetable-go/pkg/onetable/mocks/mock_DynamodbAPI.go:28.25,30.3 1 0
github.com/danielMensah/onetable-go/pkg/onetable/mocks/mock_DynamodbAPI.go:31.2,36.19 5 0
github.com/danielMensah/onetable-go/pkg/onetable/mocks/mock_DynamodbAPI.go:36.19,37.52 1 0
github.com/danielMensah/onetable-go/pkg/onetable/mocks/mock_DynamodbAPI.go:40.2,42.145 3 0
github.com/danielMensah/onetable-go/pkg/onetable/mocks/mock_DynamodbAPI.go:42.145,44.3 1 0
github.com/danielMensah/onetable-go/pkg/onetable/mocks/mock_DynamodbAPI.go:45.2,45.136 1 0
github.com/danielMensah/onetable-go/pkg/onetable/mocks/mock_DynamodbAPI.go:45.136,47.3 1 0
github.com/danielMensah/onetable-go/pkg/onetable/mocks/mock_DynamodbAPI.go:47.8,48.24 1 0
github.com/danielMensah/onetable-go/pkg/onetable/mocks/mock_DynamodbAPI.go:48.24,50.4 1 0
github.com/danielMensah/onetable-go/pkg/onetable/mocks/mock_DynamodbAPI.go:53.2,53.115 1 0
github.com/danielMensah/onetable-go/pkg/onetable/mocks/mock_DynamodbAPI.go:53.115,55.3 1 0
github.com/danielMensah/onetable-go/pkg/onetable/mocks/mock_DynamodbAPI.go:55.8,57.3 1 0
github.com/danielMensah/onetable-go/pkg/onetable/mocks/mock_DynamodbAPI.go:59.2,59.15 1 0
github.com/danielMensah/onetable-go/pkg/onetable/mocks/mock_DynamodbAPI.go:71.133,74.2 1 0
github.com/danielMensah/onetable-go/pkg/onetable/mocks/mock_DynamodbAPI.go:76.173,77.40 1 0
github.com/danielMensah/onetable-go/pkg/onetable/mocks/mock_DynamodbAPI.go:77.40,79.30 2 0
github.com/danielMensah/onetable-go/pkg/onetable/mocks/mock_DynamodbAPI.go:79.30,80.16 1 0
github.com/danielMensah/onetable-go/pkg/onetable/mocks/mock_DynamodbAPI.go:80.16,82.5 1 0
github.com/danielMensah/onetable-go/pkg/onetable/mocks/mock_DynamodbAPI.go:84.3,84.87 1 0
github.com/danielMensah/onetable-go/pkg/onetable/mocks/mock_DynamodbAPI.go:86.2,86.11 1 0
github.com/danielMensah/onetable-go/pkg/onetable/mocks/mock_DynamodbAPI.go:89.119,92.2 2 0
github.com/danielMensah/onetable-go/pkg/onetable/mocks/mock_DynamodbAPI.go:94.200,97.2 2 0
github.com/danielMensah/onetable-go/pkg/onetable/mocks/mock_DynamodbAPI.go:100.152,102.25 2 0
github.com/danielMensah/onetable-go/pkg/onetable/mocks/mock_DynamodbAPI.go:102.25,104.3 1 0
github.com/danielMensah/onetable-go/pkg/onetable/mocks/mock_DynamodbAPI.go:105.2,110.19 5 0
github.com/danielMensah/onetable-go/pkg/onetable/mocks/mock_DynamodbAPI.go:110.19,111.49 1 0
github.com/danielMensah/onetable-go/pkg/onetable/mocks/mock_DynamodbAPI.go:114.2,116.139 3 0
github.com/danielMensah/onetable-go/pkg/onetable/mocks/mock_DynamodbAPI.go:116.139,118.3 1 0
github.com/danielMensah/onetable-go/pkg/onetable/mocks/mock_DynamodbAPI.go:119.2,119.130 1 0
github.com/danielMensah/onetable-go/pkg/onetable/mocks/mock_DynamodbAPI.go:119.130,121.3 1 0
github.com/danielMensah/onetable-go/pkg/onetable/mocks/mock_DynamodbAPI.go:121.8,122.24 1 0
github.com/danielMensah/onetable-go/pkg/onetable/mocks/mock_DynamodbAPI.go:122.24,124.4 1 0
github.com/danielMensah/onetable-go/pkg/onetable/mocks/mock_DynamodbAPI.go:127.2,127.112 1 0
github.com/danielMensah/onetable-go/pkg/onetable/mocks/mock_DynamodbAPI.go:127.112,129.3 1 0
github.com/danielMensah/onetable-go/pkg/onetable/mocks/mock_DynamodbAPI.go:129.8,131.3 1 0
github.com/danielMensah/onetable-go/pkg/onetable/mocks/mock_DynamodbAPI.go:133.2,133.15 1 0
github.com/danielMensah/onetable-go/pkg/onetable/mocks/mock_DynamodbAPI.go:145.127,148.2 1 0
github.com/danielMensah/onetable-go/pkg/onetable/mocks/mock_DynamodbAPI.go:150.164,151.40 1 0
github.com/danielMensah/onetable-go/pkg/onetable/mocks/mock_DynamodbAPI.go:151.40,153.30 2 0
github.com/danielMensah/onetable-go/pkg/onetable/mocks/mock_DynamodbAPI.go:153.30,154.16 1 0
github.com/danielMensah/onetable-go/pkg/onetable/mocks/mock_DynamodbAPI.go:154.16,156.5 1 0
github.com/danielMensah/onetable-go/pkg/onetable/mocks/mock_DynamodbAPI.go:158.3,158.84 1 0
github.com/danielMensah/onetable-go/pkg/onetable/mocks/mock_DynamodbAPI.go:160.2,160.11 1 0
github.com/danielMensah/onetable-go/pkg/onetable/mocks/mock_DynamodbAPI.go:163.110,166.2 2 0
github.com/danielMensah/onetable-go/pkg/onetable/mocks/mock_DynamodbAPI.go:168.188,171.2 2 0
github.com/danielMensah/onetable-go/pkg/onetable/mocks/mock_DynamodbAPI.go:174.152,176.25 2 0
github.com/danielMensah/onetable-go/pkg/onetable/mocks/mock_DynamodbAPI.go:176.25,178.3 1 0
github.com/danielMensah/onetable-go/pkg/onetable/mocks/mock_DynamodbAPI.go:179.2,184.19 5 0
github.com/danielMensah/onetable-go/pkg/onetable/mocks/mock_DynamodbAPI.go:184.19,185.49 1 0
github.com/danielMensah/onetable-go/pkg/onetable/mocks/mock_DynamodbAPI.go:188.2,190.139 3 0
github.com/danielMensah/onetable-go/pkg/onetable/mocks/mock_DynamodbAPI.go:190.139,192.3 1 0
github.com/danielMensah/onetable-go/pkg/onetable/mocks/mock_DynamodbAPI.go:193.2,193.130 1 0
github.com/danielMensah/onetable-go/pkg/onetable/mocks/mock_DynamodbAPI.go:193.130,195.3 1 0
github.com/danielMensah/onetable-go/pkg/onetable/mocks/mock_DynamodbAPI.go:195.8,196.24 1 0
github.com/danielMensah/onetable-go/pkg/onetable/mocks/mock_DynamodbAPI.go:196.24,198.4 1 0
github.com/danielMensah/onetable-go/pkg/onetable/mocks/mock_DynamodbAPI.go:201.2,201.112 1 0
github.com/danielMensah/onetable-go/pkg/onetable/mocks/mock_DynamodbAPI.go:201.112,203.3 1 0
github.com/danielMensah/onetable-go/pkg/onetable/mocks/mock_DynamodbAPI.go:203.8,205.3 1 0
github.com/danielMensah/onetable-go/pkg/onetable/mocks/mock_DynamodbAPI.go:207.2,207.15 1 0
github.com/danielMensah/onetable-go/pkg/onetable/mocks/mock_DynamodbAPI.go:219.127,222.2 1 0
github.com/danielMensah/onetable-go/pkg/onetable/mocks/mock_DynamodbAPI.go:224.164,225.40 1 0
github.com/danielMensah/onetable-go/pkg/onetable/mocks/mock_DynamodbAPI.go:225.40,227.30 2 0
github.com/danielMensah/onetable-go/pkg/onetable/mocks/mock_DynamodbAPI.go:227.30,228.16 1 0
github.com/danielMensah/onetable-go/pkg/onetable/mocks/mock_DynamodbAPI.go:228.16,230.5 1 0
github.com/danielMensah/onetable-go/pkg/onetable/mocks/mock_DynamodbAPI.go:232.3,232.84 1 0
github.com/danielMensah/onetable-go/pkg/onetable/mocks/mock_DynamodbAPI.go:234.2,234.11 1 0
github.com/danielMensah/onetable-go/pkg/onetable/mocks/mock_DynamodbAPI.go:237.110,240.2 2 0
github.com/danielMensah/onetable-go/pkg/onetable/mocks/mock_DynamodbAPI.go:242.188,245.2 2 0
github.com/danielMensah/onetable-go/pkg/onetable/mocks/mock_DynamodbAPI.go:248.145,250.25 2 0
github.com/danielMensah/onetable-go/pkg/onetable/mocks/mock_DynamodbAPI.go:250.25,252.3 1 0
github.com/danielMensah/onetable-go/pkg/onetable/mocks/mock_DynamodbAPI.go:253.2,258.19 5 0
github.com/danielMensah/onetable-go/pkg/onetable/mocks/mock_DynamodbAPI.go:258.19,259.47 1 0
github.com/danielMensah/onetable-go/pkg/onetable/mocks/mock_DynamodbAPI.go:262.2,264.135 3 0
github.com/danielMensah/onetable-go/pkg/onetable/mocks/mock_DynamodbAPI.go:264.135,266.3 1 0
github.com/danielMensah/onetable-go/pkg/onetable/mocks/mock_DynamodbAPI.go:267.2,267.126 1 0
github.com/danielMensah/onetable-go/pkg/onetable/mocks/mock_DynamodbAPI.go:267.126,269.3 1 0
github.com/danielMensah/onetable-go/pkg/onetable/mocks/mock_DynamodbAPI.go:269.8,270.24 1 0
github.com/danielMensah/onetable-go/pkg/onetable/mocks/mock_DynamodbAPI.go:270.24,272.4 1 0
github.com/danielMensah/onetable-go/pkg/onetable/mocks/mock_DynamodbAPI.go:275.2,275.110 1 0
github.com/danielMensah/onetable-go/pkg/onetable/mocks/mock_DynamodbAPI.go:275.110,277.3 1 0
github.com/danielMensah/onetable-go/pkg/onetable/mocks/mock_DynamodbAPI.go:277.8,279.3 1 0
github.com/danielMensah/onetable-go/pkg/onetable/mocks/mock_DynamodbAPI.go:281.2,281.15 1 0
github.com/danielMensah/onetable-go/pkg/onetable/mocks/mock_DynamodbAPI.go:293.122,296.2 1 0
github.com/danielMensah/onetable-go/pkg/onetable/mocks/mock_DynamodbAPI.go:298.157,299.40 1 0
github.com/danielMensah/onetable-go/pkg/onetable/mocks/mock_DynamodbAPI.go:299.40,301.30 2 0
github.com/danielMensah/onetable-go/pkg/onetable/mocks/mock_DynamodbAPI.go:301.30,302.16 1 0
github.com/danielMensah/onetable-go/pkg/onetable/mocks/mock_DynamodbAPI.go:302.16,304.5 1 0
github.com/danielMensah/onetable-go/pkg/onetable/mocks/mock_DynamodbAPI.go:306.3,306.82 1 0
github.com/danielMensah/onetable-go/pkg/onetable/mocks/mock_DynamodbAPI.go:308.2,308.11 1 0
github.com/danielMensah/onetable-go/pkg/onetable/mocks/mock_DynamodbAPI.go:311.104,314.2 2 0
github.com/danielMensah/onetable-go/pkg/onetable/mocks/mock_DynamodbAPI.go:316.180,319.2 2 0
github.com/danielMensah/onetable-go/pkg/onetable/mocks/mock_DynamodbAPI.go:326.17,330.19 3 0
github.com/danielMensah/onetable-go/pkg/onetable/mocks/mock_DynamodbAPI.go:330.19,330.49 1 0
github.com/danielMensah/onetable-go/pkg/onetable/mocks/mock_DynamodbAPI.go:332.2,332.13 1 0
github.com/danielMensah/onetable-go/pkg/onetable/create.go:11.99,13.16 2 2
github.com/danielMensah/onetable-go/pkg/onetable/create.go:13.16,15.3 1 0
github.com/danielMensah/onetable-go/pkg/onetable/create.go:17.2,22.33 2 2
github.com/danielMensah/onetable-go/pkg/onetable/find.go:28.104,31.35 2 8
github.com/danielMensah/onetable-go/pkg/onetable/find.go:31.35,33.3 1 1
github.com/danielMensah/onetable-go/pkg/onetable/find.go:34.2,35.37 2 7
github.com/danielMensah/onetable-go/pkg/onetable/find.go:35.37,37.3 1 2
github.com/danielMensah/onetable-go/pkg/onetable/find.go:39.2,39.44 1 5
github.com/danielMensah/onetable-go/pkg/onetable/find.go:43.110,45.16 2 2
github.com/danielMensah/onetable-go/pkg/onetable/find.go:45.16,47.3 1 0
github.com/danielMensah/onetable-go/pkg/onetable/find.go:49.2,56.16 3 2
github.com/danielMensah/onetable-go/pkg/onetable/find.go:56.16,58.3 1 0
github.com/danielMensah/onetable-go/pkg/onetable/find.go:60.2,60.62 1 2
github.com/danielMensah/onetable-go/pkg/onetable/find.go:64.107,66.16 2 5
github.com/danielMensah/onetable-go/pkg/onetable/find.go:66.16,68.3 1 2
github.com/danielMensah/onetable-go/pkg/onetable/find.go:70.2,70.31 1 3
github.com/danielMensah/onetable-go/pkg/onetable/find.go:70.31,72.3 1 1
github.com/danielMensah/onetable-go/pkg/onetable/find.go:74.2,80.16 3 2
github.com/danielMensah/onetable-go/pkg/onetable/find.go:80.16,82.3 1 0
github.com/danielMensah/onetable-go/pkg/onetable/find.go:84.2,84.54 1 2
github.com/danielMensah/onetable-go/pkg/onetable/find.go:88.152,89.20 1 7
github.com/danielMensah/onetable-go/pkg/onetable/find.go:89.20,91.3 1 0
github.com/danielMensah/onetable-go/pkg/onetable/find.go:93.2,100.29 2 7
github.com/danielMensah/onetable-go/pkg/onetable/find.go:100.29,102.3 1 1
github.com/danielMensah/onetable-go/pkg/onetable/find.go:104.2,104.29 1 6
github.com/danielMensah/onetable-go/pkg/onetable/find.go:104.29,106.31 2 7
github.com/danielMensah/onetable-go/pkg/onetable/find.go:106.31,108.4 1 0
github.com/danielMensah/onetable-go/pkg/onetable/find.go:110.3,113.45 3 7
github.com/danielMensah/onetable-go/pkg/onetable/find.go:113.45,115.4 1 0
github.com/danielMensah/onetable-go/pkg/onetable/find.go:117.3,121.30 3 7
github.com/danielMensah/onetable-go/pkg/onetable/find.go:122.15,123.54 1 6
github.com/danielMensah/onetable-go/pkg/onetable/find.go:124.26,125.73 1 0
github.com/danielMensah/onetable-go/pkg/onetable/find.go:126.11,127.84 1 1
github.com/danielMensah/onetable-go/pkg/onetable/find.go:131.3,135.12 3 6
github.com/danielMensah/onetable-go/pkg/onetable/find.go:135.12,137.4 1 1
github.com/danielMensah/onetable-go/pkg/onetable/find.go:138.3,138.76 1 6
github.com/danielMensah/onetable-go/pkg/onetable/find.go:141.2,141.78 1 5
github.com/danielMensah/onetable-go/pkg/onetable/helpers.go:8.48,10.32 2 2
github.com/danielMensah/onetable-go/pkg/onetable/helpers.go:10.32,12.3 1 1
github.com/danielMensah/onetable-go/pkg/onetable/helpers.go:14.2,14.12 1 1
github.com/danielMensah/onetable-go/pkg/onetable/onetable.go:24.54,26.2 1 1
github.com/danielMensah/onetable-go/pkg/onetable/utils.go:9.84,11.2 1 0
github.com/danielMensah/onetable-go/pkg/onetable/mocks/mock_DynamodbAPI.go:21.55,23.2 1 6
github.com/danielMensah/onetable-go/pkg/onetable/mocks/mock_DynamodbAPI.go:26.161,28.25 2 0
github.com/danielMensah/onetable-go/pkg/onetable/mocks/mock_DynamodbAPI.go:28.25,30.3 1 0
github.com/danielMensah/onetable-go/pkg/onetable/mocks/mock_DynamodbAPI.go:31.2,36.19 5 0
github.com/danielMensah/onetable-go/pkg/onetable/mocks/mock_DynamodbAPI.go:36.19,37.52 1 0
github.com/danielMensah/onetable-go/pkg/onetable/mocks/mock_DynamodbAPI.go:40.2,42.145 3 0
github.com/danielMensah/onetable-go/pkg/onetable/mocks/mock_DynamodbAPI.go:42.145,44.3 1 0
github.com/danielMensah/onetable-go/pkg/onetable/mocks/mock_DynamodbAPI.go:45.2,45.136 1 0
github.com/danielMensah/onetable-go/pkg/onetable/mocks/mock_DynamodbAPI.go:45.136,47.3 1 0
github.com/danielMensah/onetable-go/pkg/onetable/mocks/mock_DynamodbAPI.go:47.8,48.24 1 0
github.com/danielMensah/onetable-go/pkg/onetable/mocks/mock_DynamodbAPI.go:48.24,50.4 1 0
github.com/danielMensah/onetable-go/pkg/onetable/mocks/mock_DynamodbAPI.go:53.2,53.115 1 0
github.com/danielMensah/onetable-go/pkg/onetable/mocks/mock_DynamodbAPI.go:53.115,55.3 1 0
github.com/danielMensah/onetable-go/pkg/onetable/mocks/mock_DynamodbAPI.go:55.8,57.3 1 0
github.com/danielMensah/onetable-go/pkg/onetable/mocks/mock_DynamodbAPI.go:59.2,59.15 1 0
github.com/danielMensah/onetable-go/pkg/onetable/mocks/mock_DynamodbAPI.go:71.133,74.2 1 0
github.com/danielMensah/onetable-go/pkg/onetable/mocks/mock_DynamodbAPI.go:76.173,77.40 1 0
github.com/danielMensah/onetable-go/pkg/onetable/mocks/mock_DynamodbAPI.go:77.40,79.30 2 0
github.com/danielMensah/onetable-go/pkg/onetable/mocks/mock_DynamodbAPI.go:79.30,80.16 1 0
github.com/danielMensah/onetable-go/pkg/onetable/mocks/mock_DynamodbAPI.go:80.16,82.5 1 0
github.com/danielMensah/onetable-go/pkg/onetable/mocks/mock_DynamodbAPI.go:84.3,84.87 1 0
github.com/danielMensah/onetable-go/pkg/onetable/mocks/mock_DynamodbAPI.go:86.2,86.11 1 0
github.com/danielMensah/onetable-go/pkg/onetable/mocks/mock_DynamodbAPI.go:89.119,92.2 2 0
github.com/danielMensah/onetable-go/pkg/onetable/mocks/mock_DynamodbAPI.go:94.200,97.2 2 0
github.com/danielMensah/onetable-go/pkg/onetable/mocks/mock_DynamodbAPI.go:100.152,102.25 2 2
github.com/danielMensah/onetable-go/pkg/onetable/mocks/mock_DynamodbAPI.go:102.25,104.3 1 0
github.com/danielMensah/onetable-go/pkg/onetable/mocks/mock_DynamodbAPI.go:105.2,110.19 5 2
github.com/danielMensah/onetable-go/pkg/onetable/mocks/mock_DynamodbAPI.go:110.19,111.49 1 0
github.com/danielMensah/onetable-go/pkg/onetable/mocks/mock_DynamodbAPI.go:114.2,116.139 3 2
github.com/danielMensah/onetable-go/pkg/onetable/mocks/mock_DynamodbAPI.go:116.139,118.3 1 0
github.com/danielMensah/onetable-go/pkg/onetable/mocks/mock_DynamodbAPI.go:119.2,119.130 1 2
github.com/danielMensah/onetable-go/pkg/onetable/mocks/mock_DynamodbAPI.go:119.130,121.3 1 0
github.com/danielMensah/onetable-go/pkg/onetable/mocks/mock_DynamodbAPI.go:121.8,122.24 1 2
github.com/danielMensah/onetable-go/pkg/onetable/mocks/mock_DynamodbAPI.go:122.24,124.4 1 2
github.com/danielMensah/onetable-go/pkg/onetable/mocks/mock_DynamodbAPI.go:127.2,127.112 1 2
github.com/danielMensah/onetable-go/pkg/onetable/mocks/mock_DynamodbAPI.go:127.112,129.3 1 0
github.com/danielMensah/onetable-go/pkg/onetable/mocks/mock_DynamodbAPI.go:129.8,131.3 1 2
github.com/danielMensah/onetable-go/pkg/onetable/mocks/mock_DynamodbAPI.go:133.2,133.15 1 2
github.com/danielMensah/onetable-go/pkg/onetable/mocks/mock_DynamodbAPI.go:145.127,148.2 1 2
github.com/danielMensah/onetable-go/pkg/onetable/mocks/mock_DynamodbAPI.go:150.164,151.40 1 0
github.com/danielMensah/onetable-go/pkg/onetable/mocks/mock_DynamodbAPI.go:151.40,153.30 2 0
github.com/danielMensah/onetable-go/pkg/onetable/mocks/mock_DynamodbAPI.go:153.30,154.16 1 0
github.com/danielMensah/onetable-go/pkg/onetable/mocks/mock_DynamodbAPI.go:154.16,156.5 1 0
github.com/danielMensah/onetable-go/pkg/onetable/mocks/mock_DynamodbAPI.go:158.3,158.84 1 0
github.com/danielMensah/onetable-go/pkg/onetable/mocks/mock_DynamodbAPI.go:160.2,160.11 1 0
github.com/danielMensah/onetable-go/pkg/onetable/mocks/mock_DynamodbAPI.go:163.110,166.2 2 2
github.com/danielMensah/onetable-go/pkg/onetable/mocks/mock_DynamodbAPI.go:168.188,171.2 2 0
github.com/danielMensah/onetable-go/pkg/onetable/mocks/mock_DynamodbAPI.go:174.152,176.25 2 2
github.com/danielMensah/onetable-go/pkg/onetable/mocks/mock_DynamodbAPI.go:176.25,178.3 1 0
github.com/danielMensah/onetable-go/pkg/onetable/mocks/mock_DynamodbAPI.go:179.2,184.19 5 2
github.com/danielMensah/onetable-go/pkg/onetable/mocks/mock_DynamodbAPI.go:184.19,185.49 1 0
github.com/danielMensah/onetable-go/pkg/onetable/mocks/mock_DynamodbAPI.go:188.2,190.139 3 2
github.com/danielMensah/onetable-go/pkg/onetable/mocks/mock_DynamodbAPI.go:190.139,192.3 1 0
github.com/danielMensah/onetable-go/pkg/onetable/mocks/mock_DynamodbAPI.go:193.2,193.130 1 2
github.com/danielMensah/onetable-go/pkg/onetable/mocks/mock_DynamodbAPI.go:193.130,195.3 1 0
github.com/danielMensah/onetable-go/pkg/onetable/mocks/mock_DynamodbAPI.go:195.8,196.24 1 2
github.com/danielMensah/onetable-go/pkg/onetable/mocks/mock_DynamodbAPI.go:196.24,198.4 1 2
github.com/danielMensah/onetable-go/pkg/onetable/mocks/mock_DynamodbAPI.go:201.2,201.112 1 2
github.com/danielMensah/onetable-go/pkg/onetable/mocks/mock_DynamodbAPI.go:201.112,203.3 1 0
github.com/danielMensah/onetable-go/pkg/onetable/mocks/mock_DynamodbAPI.go:203.8,205.3 1 2
github.com/danielMensah/onetable-go/pkg/onetable/mocks/mock_DynamodbAPI.go:207.2,207.15 1 2
github.com/danielMensah/onetable-go/pkg/onetable/mocks/mock_DynamodbAPI.go:219.127,222.2 1 2
github.com/danielMensah/onetable-go/pkg/onetable/mocks/mock_DynamodbAPI.go:224.164,225.40 1 0
github.com/danielMensah/onetable-go/pkg/onetable/mocks/mock_DynamodbAPI.go:225.40,227.30 2 0
github.com/danielMensah/onetable-go/pkg/onetable/mocks/mock_DynamodbAPI.go:227.30,228.16 1 0
github.com/danielMensah/onetable-go/pkg/onetable/mocks/mock_DynamodbAPI.go:228.16,230.5 1 0
github.com/danielMensah/onetable-go/pkg/onetable/mocks/mock_DynamodbAPI.go:232.3,232.84 1 0
github.com/danielMensah/onetable-go/pkg/onetable/mocks/mock_DynamodbAPI.go:234.2,234.11 1 0
github.com/danielMensah/onetable-go/pkg/onetable/mocks/mock_DynamodbAPI.go:237.110,240.2 2 2
github.com/danielMensah/onetable-go/pkg/onetable/mocks/mock_DynamodbAPI.go:242.188,245.2 2 0
github.com/danielMensah/onetable-go/pkg/onetable/mocks/mock_DynamodbAPI.go:248.145,250.25 2 2
github.com/danielMensah/onetable-go/pkg/onetable/mocks/mock_DynamodbAPI.go:250.25,252.3 1 0
github.com/danielMensah/onetable-go/pkg/onetable/mocks/mock_DynamodbAPI.go:253.2,258.19 5 2
github.com/danielMensah/onetable-go/pkg/onetable/mocks/mock_DynamodbAPI.go:258.19,259.47 1 0
github.com/danielMensah/onetable-go/pkg/onetable/mocks/mock_DynamodbAPI.go:262.2,264.135 3 2
github.com/danielMensah/onetable-go/pkg/onetable/mocks/mock_DynamodbAPI.go:264.135,266.3 1 0
github.com/danielMensah/onetable-go/pkg/onetable/mocks/mock_DynamodbAPI.go:267.2,267.126 1 2
github.com/danielMensah/onetable-go/pkg/onetable/mocks/mock_DynamodbAPI.go:267.126,269.3 1 0
github.com/danielMensah/onetable-go/pkg/onetable/mocks/mock_DynamodbAPI.go:269.8,270.24 1 2
github.com/danielMensah/onetable-go/pkg/onetable/mocks/mock_DynamodbAPI.go:270.24,272.4 1 2
github.com/danielMensah/onetable-go/pkg/onetable/mocks/mock_DynamodbAPI.go:275.2,275.110 1 2
github.com/danielMensah/onetable-go/pkg/onetable/mocks/mock_DynamodbAPI.go:275.110,277.3 1 0
github.com/danielMensah/onetable-go/pkg/onetable/mocks/mock_DynamodbAPI.go:277.8,279.3 1 2
github.com/danielMensah/onetable-go/pkg/onetable/mocks/mock_DynamodbAPI.go:281.2,281.15 1 2
github.com/danielMensah/onetable-go/pkg/onetable/mocks/mock_DynamodbAPI.go:293.122,296.2 1 2
github.com/danielMensah/onetable-go/pkg/onetable/mocks/mock_DynamodbAPI.go:298.157,299.40 1 0
github.com/danielMensah/onetable-go/pkg/onetable/mocks/mock_DynamodbAPI.go:299.40,301.30 2 0
github.com/danielMensah/onetable-go/pkg/onetable/mocks/mock_DynamodbAPI.go:301.30,302.16 1 0
github.com/danielMensah/onetable-go/pkg/onetable/mocks/mock_DynamodbAPI.go:302.16,304.5 1 0
github.com/danielMensah/onetable-go/pkg/onetable/mocks/mock_DynamodbAPI.go:306.3,306.82 1 0
github.com/danielMensah/onetable-go/pkg/onetable/mocks/mock_DynamodbAPI.go:308.2,308.11 1 0
github.com/danielMensah/onetable-go/pkg/onetable/mocks/mock_DynamodbAPI.go:311.104,314.2 2 2
github.com/danielMensah/onetable-go/pkg/onetable/mocks/mock_DynamodbAPI.go:316.180,319.2 2 0
github.com/danielMensah/onetable-go/pkg/onetable/mocks/mock_DynamodbAPI.go:326.17,330.19 3 7
github.com/danielMensah/onetable-go/pkg/onetable/mocks/mock_DynamodbAPI.go:330.19,330.49 1 7
github.com/danielMensah/onetable-go/pkg/onetable/mocks/mock_DynamodbAPI.go:332.2,332.13 1 7
